<?xml version="1.0" encoding="UTF-8"?>
<testsuite xmlns:xsi="http://www.w3.org/2001/XMLSchema-instance" xsi:noNamespaceSchemaLocation="https://maven.apache.org/surefire/maven-surefire-plugin/xsd/surefire-test-report.xsd" name="com.nowcoder.community.ElasticsearchTest" time="3.038" tests="6" errors="1" skipped="0" failures="0">
  <properties>
    <property name="gopherProxySet" value="false"/>
    <property name="awt.toolkit" value="sun.lwawt.macosx.LWCToolkit"/>
    <property name="file.encoding.pkg" value="sun.io"/>
    <property name="java.specification.version" value="1.8"/>
    <property name="sun.cpu.isalist" value=""/>
    <property name="sun.jnu.encoding" value="UTF-8"/>
    <property name="java.class.path" value="/Users/wenliang_zeng/Desktop/Graduate_Students/Job/JAVA/Project/community/target/test-classes:/Users/wenliang_zeng/Desktop/Graduate_Students/Job/JAVA/Project/community/target/classes:/Users/wenliang_zeng/Desktop/Graduate_Students/Job/JAVA/Project/repository/org/springframework/boot/spring-boot-starter-quartz/2.1.5.RELEASE/spring-boot-starter-quartz-2.1.5.RELEASE.jar:/Users/wenliang_zeng/Desktop/Graduate_Students/Job/JAVA/Project/repository/org/springframework/boot/spring-boot-starter/2.1.5.RELEASE/spring-boot-starter-2.1.5.RELEASE.jar:/Users/wenliang_zeng/Desktop/Graduate_Students/Job/JAVA/Project/repository/org/springframework/boot/spring-boot-starter-logging/2.1.5.RELEASE/spring-boot-starter-logging-2.1.5.RELEASE.jar:/Users/wenliang_zeng/Desktop/Graduate_Students/Job/JAVA/Project/repository/ch/qos/logback/logback-classic/1.2.3/logback-classic-1.2.3.jar:/Users/wenliang_zeng/Desktop/Graduate_Students/Job/JAVA/Project/repository/ch/qos/logback/logback-core/1.2.3/logback-core-1.2.3.jar:/Users/wenliang_zeng/Desktop/Graduate_Students/Job/JAVA/Project/repository/org/apache/logging/log4j/log4j-to-slf4j/2.11.2/log4j-to-slf4j-2.11.2.jar:/Users/wenliang_zeng/Desktop/Graduate_Students/Job/JAVA/Project/repository/org/apache/logging/log4j/log4j-api/2.11.2/log4j-api-2.11.2.jar:/Users/wenliang_zeng/Desktop/Graduate_Students/Job/JAVA/Project/repository/org/slf4j/jul-to-slf4j/1.7.26/jul-to-slf4j-1.7.26.jar:/Users/wenliang_zeng/Desktop/Graduate_Students/Job/JAVA/Project/repository/javax/annotation/javax.annotation-api/1.3.2/javax.annotation-api-1.3.2.jar:/Users/wenliang_zeng/Desktop/Graduate_Students/Job/JAVA/Project/repository/org/yaml/snakeyaml/1.23/snakeyaml-1.23.jar:/Users/wenliang_zeng/Desktop/Graduate_Students/Job/JAVA/Project/repository/org/springframework/spring-context-support/5.1.7.RELEASE/spring-context-support-5.1.7.RELEASE.jar:/Users/wenliang_zeng/Desktop/Graduate_Students/Job/JAVA/Project/repository/org/springframework/spring-beans/5.1.7.RELEASE/spring-beans-5.1.7.RELEASE.jar:/Users/wenliang_zeng/Desktop/Graduate_Students/Job/JAVA/Project/repository/org/springframework/spring-tx/5.1.7.RELEASE/spring-tx-5.1.7.RELEASE.jar:/Users/wenliang_zeng/Desktop/Graduate_Students/Job/JAVA/Project/repository/org/quartz-scheduler/quartz/2.3.1/quartz-2.3.1.jar:/Users/wenliang_zeng/Desktop/Graduate_Students/Job/JAVA/Project/repository/com/mchange/mchange-commons-java/0.2.15/mchange-commons-java-0.2.15.jar:/Users/wenliang_zeng/Desktop/Graduate_Students/Job/JAVA/Project/repository/org/springframework/boot/spring-boot-starter-aop/2.1.5.RELEASE/spring-boot-starter-aop-2.1.5.RELEASE.jar:/Users/wenliang_zeng/Desktop/Graduate_Students/Job/JAVA/Project/repository/org/springframework/spring-aop/5.1.7.RELEASE/spring-aop-5.1.7.RELEASE.jar:/Users/wenliang_zeng/Desktop/Graduate_Students/Job/JAVA/Project/repository/org/aspectj/aspectjweaver/1.9.4/aspectjweaver-1.9.4.jar:/Users/wenliang_zeng/Desktop/Graduate_Students/Job/JAVA/Project/repository/org/springframework/boot/spring-boot-starter-thymeleaf/2.1.5.RELEASE/spring-boot-starter-thymeleaf-2.1.5.RELEASE.jar:/Users/wenliang_zeng/Desktop/Graduate_Students/Job/JAVA/Project/repository/org/thymeleaf/thymeleaf-spring5/3.0.11.RELEASE/thymeleaf-spring5-3.0.11.RELEASE.jar:/Users/wenliang_zeng/Desktop/Graduate_Students/Job/JAVA/Project/repository/org/thymeleaf/thymeleaf/3.0.11.RELEASE/thymeleaf-3.0.11.RELEASE.jar:/Users/wenliang_zeng/Desktop/Graduate_Students/Job/JAVA/Project/repository/org/attoparser/attoparser/2.0.5.RELEASE/attoparser-2.0.5.RELEASE.jar:/Users/wenliang_zeng/Desktop/Graduate_Students/Job/JAVA/Project/repository/org/unbescape/unbescape/1.1.6.RELEASE/unbescape-1.1.6.RELEASE.jar:/Users/wenliang_zeng/Desktop/Graduate_Students/Job/JAVA/Project/repository/org/thymeleaf/extras/thymeleaf-extras-java8time/3.0.4.RELEASE/thymeleaf-extras-java8time-3.0.4.RELEASE.jar:/Users/wenliang_zeng/Desktop/Graduate_Students/Job/JAVA/Project/repository/org/springframework/boot/spring-boot-starter-web/2.1.5.RELEASE/spring-boot-starter-web-2.1.5.RELEASE.jar:/Users/wenliang_zeng/Desktop/Graduate_Students/Job/JAVA/Project/repository/org/springframework/boot/spring-boot-starter-json/2.1.5.RELEASE/spring-boot-starter-json-2.1.5.RELEASE.jar:/Users/wenliang_zeng/Desktop/Graduate_Students/Job/JAVA/Project/repository/com/fasterxml/jackson/core/jackson-databind/2.9.8/jackson-databind-2.9.8.jar:/Users/wenliang_zeng/Desktop/Graduate_Students/Job/JAVA/Project/repository/com/fasterxml/jackson/core/jackson-annotations/2.9.0/jackson-annotations-2.9.0.jar:/Users/wenliang_zeng/Desktop/Graduate_Students/Job/JAVA/Project/repository/com/fasterxml/jackson/datatype/jackson-datatype-jdk8/2.9.8/jackson-datatype-jdk8-2.9.8.jar:/Users/wenliang_zeng/Desktop/Graduate_Students/Job/JAVA/Project/repository/com/fasterxml/jackson/datatype/jackson-datatype-jsr310/2.9.8/jackson-datatype-jsr310-2.9.8.jar:/Users/wenliang_zeng/Desktop/Graduate_Students/Job/JAVA/Project/repository/com/fasterxml/jackson/module/jackson-module-parameter-names/2.9.8/jackson-module-parameter-names-2.9.8.jar:/Users/wenliang_zeng/Desktop/Graduate_Students/Job/JAVA/Project/repository/org/springframework/boot/spring-boot-starter-tomcat/2.1.5.RELEASE/spring-boot-starter-tomcat-2.1.5.RELEASE.jar:/Users/wenliang_zeng/Desktop/Graduate_Students/Job/JAVA/Project/repository/org/apache/tomcat/embed/tomcat-embed-core/9.0.19/tomcat-embed-core-9.0.19.jar:/Users/wenliang_zeng/Desktop/Graduate_Students/Job/JAVA/Project/repository/org/apache/tomcat/embed/tomcat-embed-el/9.0.19/tomcat-embed-el-9.0.19.jar:/Users/wenliang_zeng/Desktop/Graduate_Students/Job/JAVA/Project/repository/org/apache/tomcat/embed/tomcat-embed-websocket/9.0.19/tomcat-embed-websocket-9.0.19.jar:/Users/wenliang_zeng/Desktop/Graduate_Students/Job/JAVA/Project/repository/org/hibernate/validator/hibernate-validator/6.0.16.Final/hibernate-validator-6.0.16.Final.jar:/Users/wenliang_zeng/Desktop/Graduate_Students/Job/JAVA/Project/repository/javax/validation/validation-api/2.0.1.Final/validation-api-2.0.1.Final.jar:/Users/wenliang_zeng/Desktop/Graduate_Students/Job/JAVA/Project/repository/org/jboss/logging/jboss-logging/3.3.2.Final/jboss-logging-3.3.2.Final.jar:/Users/wenliang_zeng/Desktop/Graduate_Students/Job/JAVA/Project/repository/com/fasterxml/classmate/1.4.0/classmate-1.4.0.jar:/Users/wenliang_zeng/Desktop/Graduate_Students/Job/JAVA/Project/repository/org/springframework/spring-web/5.1.7.RELEASE/spring-web-5.1.7.RELEASE.jar:/Users/wenliang_zeng/Desktop/Graduate_Students/Job/JAVA/Project/repository/org/springframework/spring-webmvc/5.1.7.RELEASE/spring-webmvc-5.1.7.RELEASE.jar:/Users/wenliang_zeng/Desktop/Graduate_Students/Job/JAVA/Project/repository/org/springframework/spring-expression/5.1.7.RELEASE/spring-expression-5.1.7.RELEASE.jar:/Users/wenliang_zeng/Desktop/Graduate_Students/Job/JAVA/Project/repository/org/springframework/boot/spring-boot-devtools/2.1.5.RELEASE/spring-boot-devtools-2.1.5.RELEASE.jar:/Users/wenliang_zeng/Desktop/Graduate_Students/Job/JAVA/Project/repository/org/springframework/boot/spring-boot/2.1.5.RELEASE/spring-boot-2.1.5.RELEASE.jar:/Users/wenliang_zeng/Desktop/Graduate_Students/Job/JAVA/Project/repository/org/springframework/boot/spring-boot-autoconfigure/2.1.5.RELEASE/spring-boot-autoconfigure-2.1.5.RELEASE.jar:/Users/wenliang_zeng/Desktop/Graduate_Students/Job/JAVA/Project/repository/org/springframework/boot/spring-boot-starter-test/2.1.5.RELEASE/spring-boot-starter-test-2.1.5.RELEASE.jar:/Users/wenliang_zeng/Desktop/Graduate_Students/Job/JAVA/Project/repository/org/springframework/boot/spring-boot-test/2.1.5.RELEASE/spring-boot-test-2.1.5.RELEASE.jar:/Users/wenliang_zeng/Desktop/Graduate_Students/Job/JAVA/Project/repository/org/springframework/boot/spring-boot-test-autoconfigure/2.1.5.RELEASE/spring-boot-test-autoconfigure-2.1.5.RELEASE.jar:/Users/wenliang_zeng/Desktop/Graduate_Students/Job/JAVA/Project/repository/com/jayway/jsonpath/json-path/2.4.0/json-path-2.4.0.jar:/Users/wenliang_zeng/Desktop/Graduate_Students/Job/JAVA/Project/repository/net/minidev/json-smart/2.3/json-smart-2.3.jar:/Users/wenliang_zeng/Desktop/Graduate_Students/Job/JAVA/Project/repository/net/minidev/accessors-smart/1.2/accessors-smart-1.2.jar:/Users/wenliang_zeng/Desktop/Graduate_Students/Job/JAVA/Project/repository/org/ow2/asm/asm/5.0.4/asm-5.0.4.jar:/Users/wenliang_zeng/Desktop/Graduate_Students/Job/JAVA/Project/repository/junit/junit/4.12/junit-4.12.jar:/Users/wenliang_zeng/Desktop/Graduate_Students/Job/JAVA/Project/repository/org/assertj/assertj-core/3.11.1/assertj-core-3.11.1.jar:/Users/wenliang_zeng/Desktop/Graduate_Students/Job/JAVA/Project/repository/org/mockito/mockito-core/2.23.4/mockito-core-2.23.4.jar:/Users/wenliang_zeng/Desktop/Graduate_Students/Job/JAVA/Project/repository/net/bytebuddy/byte-buddy/1.9.12/byte-buddy-1.9.12.jar:/Users/wenliang_zeng/Desktop/Graduate_Students/Job/JAVA/Project/repository/net/bytebuddy/byte-buddy-agent/1.9.12/byte-buddy-agent-1.9.12.jar:/Users/wenliang_zeng/Desktop/Graduate_Students/Job/JAVA/Project/repository/org/objenesis/objenesis/2.6/objenesis-2.6.jar:/Users/wenliang_zeng/Desktop/Graduate_Students/Job/JAVA/Project/repository/org/hamcrest/hamcrest-core/1.3/hamcrest-core-1.3.jar:/Users/wenliang_zeng/Desktop/Graduate_Students/Job/JAVA/Project/repository/org/hamcrest/hamcrest-library/1.3/hamcrest-library-1.3.jar:/Users/wenliang_zeng/Desktop/Graduate_Students/Job/JAVA/Project/repository/org/skyscreamer/jsonassert/1.5.0/jsonassert-1.5.0.jar:/Users/wenliang_zeng/Desktop/Graduate_Students/Job/JAVA/Project/repository/com/vaadin/external/google/android-json/0.0.20131108.vaadin1/android-json-0.0.20131108.vaadin1.jar:/Users/wenliang_zeng/Desktop/Graduate_Students/Job/JAVA/Project/repository/org/springframework/spring-core/5.1.7.RELEASE/spring-core-5.1.7.RELEASE.jar:/Users/wenliang_zeng/Desktop/Graduate_Students/Job/JAVA/Project/repository/org/springframework/spring-jcl/5.1.7.RELEASE/spring-jcl-5.1.7.RELEASE.jar:/Users/wenliang_zeng/Desktop/Graduate_Students/Job/JAVA/Project/repository/org/springframework/spring-test/5.1.7.RELEASE/spring-test-5.1.7.RELEASE.jar:/Users/wenliang_zeng/Desktop/Graduate_Students/Job/JAVA/Project/repository/org/xmlunit/xmlunit-core/2.6.2/xmlunit-core-2.6.2.jar:/Users/wenliang_zeng/Desktop/Graduate_Students/Job/JAVA/Project/repository/mysql/mysql-connector-java/8.0.16/mysql-connector-java-8.0.16.jar:/Users/wenliang_zeng/Desktop/Graduate_Students/Job/JAVA/Project/repository/org/mybatis/spring/boot/mybatis-spring-boot-starter/2.0.1/mybatis-spring-boot-starter-2.0.1.jar:/Users/wenliang_zeng/Desktop/Graduate_Students/Job/JAVA/Project/repository/org/springframework/boot/spring-boot-starter-jdbc/2.1.5.RELEASE/spring-boot-starter-jdbc-2.1.5.RELEASE.jar:/Users/wenliang_zeng/Desktop/Graduate_Students/Job/JAVA/Project/repository/com/zaxxer/HikariCP/3.2.0/HikariCP-3.2.0.jar:/Users/wenliang_zeng/Desktop/Graduate_Students/Job/JAVA/Project/repository/org/springframework/spring-jdbc/5.1.7.RELEASE/spring-jdbc-5.1.7.RELEASE.jar:/Users/wenliang_zeng/Desktop/Graduate_Students/Job/JAVA/Project/repository/org/mybatis/spring/boot/mybatis-spring-boot-autoconfigure/2.0.1/mybatis-spring-boot-autoconfigure-2.0.1.jar:/Users/wenliang_zeng/Desktop/Graduate_Students/Job/JAVA/Project/repository/org/mybatis/mybatis/3.5.1/mybatis-3.5.1.jar:/Users/wenliang_zeng/Desktop/Graduate_Students/Job/JAVA/Project/repository/org/mybatis/mybatis-spring/2.0.1/mybatis-spring-2.0.1.jar:/Users/wenliang_zeng/Desktop/Graduate_Students/Job/JAVA/Project/repository/org/springframework/boot/spring-boot-starter-mail/2.2.6.RELEASE/spring-boot-starter-mail-2.2.6.RELEASE.jar:/Users/wenliang_zeng/Desktop/Graduate_Students/Job/JAVA/Project/repository/com/sun/mail/jakarta.mail/1.6.5/jakarta.mail-1.6.5.jar:/Users/wenliang_zeng/Desktop/Graduate_Students/Job/JAVA/Project/repository/com/sun/activation/jakarta.activation/1.2.1/jakarta.activation-1.2.1.jar:/Users/wenliang_zeng/Desktop/Graduate_Students/Job/JAVA/Project/repository/org/apache/commons/commons-lang3/3.12.0/commons-lang3-3.12.0.jar:/Users/wenliang_zeng/Desktop/Graduate_Students/Job/JAVA/Project/repository/com/github/penggle/kaptcha/2.3.2/kaptcha-2.3.2.jar:/Users/wenliang_zeng/Desktop/Graduate_Students/Job/JAVA/Project/repository/javax/servlet/javax.servlet-api/4.0.1/javax.servlet-api-4.0.1.jar:/Users/wenliang_zeng/Desktop/Graduate_Students/Job/JAVA/Project/repository/com/jhlabs/filters/2.0.235-1/filters-2.0.235-1.jar:/Users/wenliang_zeng/Desktop/Graduate_Students/Job/JAVA/Project/repository/com/alibaba/fastjson/2.0.35/fastjson-2.0.35.jar:/Users/wenliang_zeng/Desktop/Graduate_Students/Job/JAVA/Project/repository/com/alibaba/fastjson2/fastjson2-extension/2.0.35/fastjson2-extension-2.0.35.jar:/Users/wenliang_zeng/Desktop/Graduate_Students/Job/JAVA/Project/repository/com/alibaba/fastjson2/fastjson2/2.0.35/fastjson2-2.0.35.jar:/Users/wenliang_zeng/Desktop/Graduate_Students/Job/JAVA/Project/repository/org/springframework/boot/spring-boot-starter-data-redis/3.1.1/spring-boot-starter-data-redis-3.1.1.jar:/Users/wenliang_zeng/Desktop/Graduate_Students/Job/JAVA/Project/repository/org/springframework/data/spring-data-redis/2.1.8.RELEASE/spring-data-redis-2.1.8.RELEASE.jar:/Users/wenliang_zeng/Desktop/Graduate_Students/Job/JAVA/Project/repository/org/springframework/data/spring-data-keyvalue/2.1.8.RELEASE/spring-data-keyvalue-2.1.8.RELEASE.jar:/Users/wenliang_zeng/Desktop/Graduate_Students/Job/JAVA/Project/repository/org/springframework/spring-oxm/5.1.7.RELEASE/spring-oxm-5.1.7.RELEASE.jar:/Users/wenliang_zeng/Desktop/Graduate_Students/Job/JAVA/Project/repository/io/lettuce/lettuce-core/5.1.6.RELEASE/lettuce-core-5.1.6.RELEASE.jar:/Users/wenliang_zeng/Desktop/Graduate_Students/Job/JAVA/Project/repository/io/netty/netty-common/4.1.36.Final/netty-common-4.1.36.Final.jar:/Users/wenliang_zeng/Desktop/Graduate_Students/Job/JAVA/Project/repository/io/netty/netty-handler/4.1.36.Final/netty-handler-4.1.36.Final.jar:/Users/wenliang_zeng/Desktop/Graduate_Students/Job/JAVA/Project/repository/io/netty/netty-buffer/4.1.36.Final/netty-buffer-4.1.36.Final.jar:/Users/wenliang_zeng/Desktop/Graduate_Students/Job/JAVA/Project/repository/io/netty/netty-codec/4.1.36.Final/netty-codec-4.1.36.Final.jar:/Users/wenliang_zeng/Desktop/Graduate_Students/Job/JAVA/Project/repository/io/netty/netty-transport/4.1.36.Final/netty-transport-4.1.36.Final.jar:/Users/wenliang_zeng/Desktop/Graduate_Students/Job/JAVA/Project/repository/io/netty/netty-resolver/4.1.36.Final/netty-resolver-4.1.36.Final.jar:/Users/wenliang_zeng/Desktop/Graduate_Students/Job/JAVA/Project/repository/io/projectreactor/reactor-core/3.2.9.RELEASE/reactor-core-3.2.9.RELEASE.jar:/Users/wenliang_zeng/Desktop/Graduate_Students/Job/JAVA/Project/repository/org/reactivestreams/reactive-streams/1.0.2/reactive-streams-1.0.2.jar:/Users/wenliang_zeng/Desktop/Graduate_Students/Job/JAVA/Project/repository/org/springframework/kafka/spring-kafka/2.2.6.RELEASE/spring-kafka-2.2.6.RELEASE.jar:/Users/wenliang_zeng/Desktop/Graduate_Students/Job/JAVA/Project/repository/org/springframework/spring-context/5.1.7.RELEASE/spring-context-5.1.7.RELEASE.jar:/Users/wenliang_zeng/Desktop/Graduate_Students/Job/JAVA/Project/repository/org/springframework/spring-messaging/5.1.7.RELEASE/spring-messaging-5.1.7.RELEASE.jar:/Users/wenliang_zeng/Desktop/Graduate_Students/Job/JAVA/Project/repository/org/springframework/retry/spring-retry/1.2.4.RELEASE/spring-retry-1.2.4.RELEASE.jar:/Users/wenliang_zeng/Desktop/Graduate_Students/Job/JAVA/Project/repository/org/apache/kafka/kafka-clients/2.0.1/kafka-clients-2.0.1.jar:/Users/wenliang_zeng/Desktop/Graduate_Students/Job/JAVA/Project/repository/org/lz4/lz4-java/1.4.1/lz4-java-1.4.1.jar:/Users/wenliang_zeng/Desktop/Graduate_Students/Job/JAVA/Project/repository/org/xerial/snappy/snappy-java/1.1.7.1/snappy-java-1.1.7.1.jar:/Users/wenliang_zeng/Desktop/Graduate_Students/Job/JAVA/Project/repository/org/springframework/boot/spring-boot-starter-data-elasticsearch/2.1.5.RELEASE/spring-boot-starter-data-elasticsearch-2.1.5.RELEASE.jar:/Users/wenliang_zeng/Desktop/Graduate_Students/Job/JAVA/Project/repository/org/springframework/data/spring-data-elasticsearch/3.1.8.RELEASE/spring-data-elasticsearch-3.1.8.RELEASE.jar:/Users/wenliang_zeng/Desktop/Graduate_Students/Job/JAVA/Project/repository/org/springframework/data/spring-data-commons/2.1.8.RELEASE/spring-data-commons-2.1.8.RELEASE.jar:/Users/wenliang_zeng/Desktop/Graduate_Students/Job/JAVA/Project/repository/joda-time/joda-time/2.10.2/joda-time-2.10.2.jar:/Users/wenliang_zeng/Desktop/Graduate_Students/Job/JAVA/Project/repository/org/elasticsearch/client/transport/6.4.3/transport-6.4.3.jar:/Users/wenliang_zeng/Desktop/Graduate_Students/Job/JAVA/Project/repository/org/elasticsearch/elasticsearch/6.4.3/elasticsearch-6.4.3.jar:/Users/wenliang_zeng/Desktop/Graduate_Students/Job/JAVA/Project/repository/org/elasticsearch/elasticsearch-core/6.4.3/elasticsearch-core-6.4.3.jar:/Users/wenliang_zeng/Desktop/Graduate_Students/Job/JAVA/Project/repository/org/elasticsearch/elasticsearch-secure-sm/6.4.3/elasticsearch-secure-sm-6.4.3.jar:/Users/wenliang_zeng/Desktop/Graduate_Students/Job/JAVA/Project/repository/org/elasticsearch/elasticsearch-x-content/6.4.3/elasticsearch-x-content-6.4.3.jar:/Users/wenliang_zeng/Desktop/Graduate_Students/Job/JAVA/Project/repository/com/fasterxml/jackson/dataformat/jackson-dataformat-smile/2.9.8/jackson-dataformat-smile-2.9.8.jar:/Users/wenliang_zeng/Desktop/Graduate_Students/Job/JAVA/Project/repository/com/fasterxml/jackson/dataformat/jackson-dataformat-yaml/2.9.8/jackson-dataformat-yaml-2.9.8.jar:/Users/wenliang_zeng/Desktop/Graduate_Students/Job/JAVA/Project/repository/com/fasterxml/jackson/dataformat/jackson-dataformat-cbor/2.9.8/jackson-dataformat-cbor-2.9.8.jar:/Users/wenliang_zeng/Desktop/Graduate_Students/Job/JAVA/Project/repository/org/apache/lucene/lucene-core/7.4.0/lucene-core-7.4.0.jar:/Users/wenliang_zeng/Desktop/Graduate_Students/Job/JAVA/Project/repository/org/apache/lucene/lucene-analyzers-common/7.4.0/lucene-analyzers-common-7.4.0.jar:/Users/wenliang_zeng/Desktop/Graduate_Students/Job/JAVA/Project/repository/org/apache/lucene/lucene-backward-codecs/7.4.0/lucene-backward-codecs-7.4.0.jar:/Users/wenliang_zeng/Desktop/Graduate_Students/Job/JAVA/Project/repository/org/apache/lucene/lucene-grouping/7.4.0/lucene-grouping-7.4.0.jar:/Users/wenliang_zeng/Desktop/Graduate_Students/Job/JAVA/Project/repository/org/apache/lucene/lucene-highlighter/7.4.0/lucene-highlighter-7.4.0.jar:/Users/wenliang_zeng/Desktop/Graduate_Students/Job/JAVA/Project/repository/org/apache/lucene/lucene-join/7.4.0/lucene-join-7.4.0.jar:/Users/wenliang_zeng/Desktop/Graduate_Students/Job/JAVA/Project/repository/org/apache/lucene/lucene-memory/7.4.0/lucene-memory-7.4.0.jar:/Users/wenliang_zeng/Desktop/Graduate_Students/Job/JAVA/Project/repository/org/apache/lucene/lucene-misc/7.4.0/lucene-misc-7.4.0.jar:/Users/wenliang_zeng/Desktop/Graduate_Students/Job/JAVA/Project/repository/org/apache/lucene/lucene-queries/7.4.0/lucene-queries-7.4.0.jar:/Users/wenliang_zeng/Desktop/Graduate_Students/Job/JAVA/Project/repository/org/apache/lucene/lucene-queryparser/7.4.0/lucene-queryparser-7.4.0.jar:/Users/wenliang_zeng/Desktop/Graduate_Students/Job/JAVA/Project/repository/org/apache/lucene/lucene-sandbox/7.4.0/lucene-sandbox-7.4.0.jar:/Users/wenliang_zeng/Desktop/Graduate_Students/Job/JAVA/Project/repository/org/apache/lucene/lucene-spatial/7.4.0/lucene-spatial-7.4.0.jar:/Users/wenliang_zeng/Desktop/Graduate_Students/Job/JAVA/Project/repository/org/apache/lucene/lucene-spatial-extras/7.4.0/lucene-spatial-extras-7.4.0.jar:/Users/wenliang_zeng/Desktop/Graduate_Students/Job/JAVA/Project/repository/org/apache/lucene/lucene-spatial3d/7.4.0/lucene-spatial3d-7.4.0.jar:/Users/wenliang_zeng/Desktop/Graduate_Students/Job/JAVA/Project/repository/org/apache/lucene/lucene-suggest/7.4.0/lucene-suggest-7.4.0.jar:/Users/wenliang_zeng/Desktop/Graduate_Students/Job/JAVA/Project/repository/org/elasticsearch/elasticsearch-cli/6.4.3/elasticsearch-cli-6.4.3.jar:/Users/wenliang_zeng/Desktop/Graduate_Students/Job/JAVA/Project/repository/net/sf/jopt-simple/jopt-simple/5.0.2/jopt-simple-5.0.2.jar:/Users/wenliang_zeng/Desktop/Graduate_Students/Job/JAVA/Project/repository/com/carrotsearch/hppc/0.7.1/hppc-0.7.1.jar:/Users/wenliang_zeng/Desktop/Graduate_Students/Job/JAVA/Project/repository/com/tdunning/t-digest/3.2/t-digest-3.2.jar:/Users/wenliang_zeng/Desktop/Graduate_Students/Job/JAVA/Project/repository/org/hdrhistogram/HdrHistogram/2.1.9/HdrHistogram-2.1.9.jar:/Users/wenliang_zeng/Desktop/Graduate_Students/Job/JAVA/Project/repository/org/elasticsearch/jna/4.5.1/jna-4.5.1.jar:/Users/wenliang_zeng/Desktop/Graduate_Students/Job/JAVA/Project/repository/org/elasticsearch/plugin/reindex-client/6.4.3/reindex-client-6.4.3.jar:/Users/wenliang_zeng/Desktop/Graduate_Students/Job/JAVA/Project/repository/org/elasticsearch/client/elasticsearch-rest-client/6.4.3/elasticsearch-rest-client-6.4.3.jar:/Users/wenliang_zeng/Desktop/Graduate_Students/Job/JAVA/Project/repository/org/apache/httpcomponents/httpclient/4.5.8/httpclient-4.5.8.jar:/Users/wenliang_zeng/Desktop/Graduate_Students/Job/JAVA/Project/repository/org/apache/httpcomponents/httpcore/4.4.11/httpcore-4.4.11.jar:/Users/wenliang_zeng/Desktop/Graduate_Students/Job/JAVA/Project/repository/org/apache/httpcomponents/httpasyncclient/4.1.4/httpasyncclient-4.1.4.jar:/Users/wenliang_zeng/Desktop/Graduate_Students/Job/JAVA/Project/repository/org/apache/httpcomponents/httpcore-nio/4.4.11/httpcore-nio-4.4.11.jar:/Users/wenliang_zeng/Desktop/Graduate_Students/Job/JAVA/Project/repository/commons-codec/commons-codec/1.11/commons-codec-1.11.jar:/Users/wenliang_zeng/Desktop/Graduate_Students/Job/JAVA/Project/repository/org/elasticsearch/plugin/lang-mustache-client/6.4.3/lang-mustache-client-6.4.3.jar:/Users/wenliang_zeng/Desktop/Graduate_Students/Job/JAVA/Project/repository/com/github/spullara/mustache/java/compiler/0.9.3/compiler-0.9.3.jar:/Users/wenliang_zeng/Desktop/Graduate_Students/Job/JAVA/Project/repository/org/elasticsearch/plugin/percolator-client/6.4.3/percolator-client-6.4.3.jar:/Users/wenliang_zeng/Desktop/Graduate_Students/Job/JAVA/Project/repository/org/elasticsearch/plugin/parent-join-client/6.4.3/parent-join-client-6.4.3.jar:/Users/wenliang_zeng/Desktop/Graduate_Students/Job/JAVA/Project/repository/org/elasticsearch/plugin/rank-eval-client/6.4.3/rank-eval-client-6.4.3.jar:/Users/wenliang_zeng/Desktop/Graduate_Students/Job/JAVA/Project/repository/com/fasterxml/jackson/core/jackson-core/2.9.8/jackson-core-2.9.8.jar:/Users/wenliang_zeng/Desktop/Graduate_Students/Job/JAVA/Project/repository/org/elasticsearch/plugin/transport-netty4-client/6.4.3/transport-netty4-client-6.4.3.jar:/Users/wenliang_zeng/Desktop/Graduate_Students/Job/JAVA/Project/repository/io/netty/netty-codec-http/4.1.36.Final/netty-codec-http-4.1.36.Final.jar:/Users/wenliang_zeng/Desktop/Graduate_Students/Job/JAVA/Project/repository/org/springframework/boot/spring-boot-starter-security/2.1.5.RELEASE/spring-boot-starter-security-2.1.5.RELEASE.jar:/Users/wenliang_zeng/Desktop/Graduate_Students/Job/JAVA/Project/repository/org/springframework/security/spring-security-config/5.1.5.RELEASE/spring-security-config-5.1.5.RELEASE.jar:/Users/wenliang_zeng/Desktop/Graduate_Students/Job/JAVA/Project/repository/org/springframework/security/spring-security-core/5.1.5.RELEASE/spring-security-core-5.1.5.RELEASE.jar:/Users/wenliang_zeng/Desktop/Graduate_Students/Job/JAVA/Project/repository/org/springframework/security/spring-security-web/5.1.5.RELEASE/spring-security-web-5.1.5.RELEASE.jar:/Users/wenliang_zeng/Desktop/Graduate_Students/Job/JAVA/Project/repository/org/thymeleaf/extras/thymeleaf-extras-springsecurity5/3.0.4.RELEASE/thymeleaf-extras-springsecurity5-3.0.4.RELEASE.jar:/Users/wenliang_zeng/Desktop/Graduate_Students/Job/JAVA/Project/repository/org/slf4j/slf4j-api/1.7.26/slf4j-api-1.7.26.jar:/Users/wenliang_zeng/Desktop/Graduate_Students/Job/JAVA/Project/repository/org/webjars/jquery/3.3.1/jquery-3.3.1.jar:"/>
    <property name="java.vm.vendor" value="Oracle Corporation"/>
    <property name="sun.arch.data.model" value="64"/>
    <property name="java.vendor.url" value="http://java.oracle.com/"/>
    <property name="user.timezone" value=""/>
    <property name="java.vm.specification.version" value="1.8"/>
    <property name="os.name" value="Mac OS X"/>
    <property name="user.country" value="CN"/>
    <property name="sun.java.launcher" value="SUN_STANDARD"/>
    <property name="sun.boot.library.path" value="/Library/Java/JavaVirtualMachines/jdk-1.8.jdk/Contents/Home/jre/lib"/>
    <property name="sun.java.command" value="/Users/wenliang_zeng/Desktop/Graduate_Students/Job/JAVA/Project/community/target/surefire/surefirebooter4384111246347809391.jar /Users/wenliang_zeng/Desktop/Graduate_Students/Job/JAVA/Project/community/target/surefire 2023-08-27T10-43-09_675-jvmRun1 surefire1952665288077027474tmp surefire_05687449540276116935tmp"/>
    <property name="surefire.test.class.path" value="/Users/wenliang_zeng/Desktop/Graduate_Students/Job/JAVA/Project/community/target/test-classes:/Users/wenliang_zeng/Desktop/Graduate_Students/Job/JAVA/Project/community/target/classes:/Users/wenliang_zeng/Desktop/Graduate_Students/Job/JAVA/Project/repository/org/springframework/boot/spring-boot-starter-quartz/2.1.5.RELEASE/spring-boot-starter-quartz-2.1.5.RELEASE.jar:/Users/wenliang_zeng/Desktop/Graduate_Students/Job/JAVA/Project/repository/org/springframework/boot/spring-boot-starter/2.1.5.RELEASE/spring-boot-starter-2.1.5.RELEASE.jar:/Users/wenliang_zeng/Desktop/Graduate_Students/Job/JAVA/Project/repository/org/springframework/boot/spring-boot-starter-logging/2.1.5.RELEASE/spring-boot-starter-logging-2.1.5.RELEASE.jar:/Users/wenliang_zeng/Desktop/Graduate_Students/Job/JAVA/Project/repository/ch/qos/logback/logback-classic/1.2.3/logback-classic-1.2.3.jar:/Users/wenliang_zeng/Desktop/Graduate_Students/Job/JAVA/Project/repository/ch/qos/logback/logback-core/1.2.3/logback-core-1.2.3.jar:/Users/wenliang_zeng/Desktop/Graduate_Students/Job/JAVA/Project/repository/org/apache/logging/log4j/log4j-to-slf4j/2.11.2/log4j-to-slf4j-2.11.2.jar:/Users/wenliang_zeng/Desktop/Graduate_Students/Job/JAVA/Project/repository/org/apache/logging/log4j/log4j-api/2.11.2/log4j-api-2.11.2.jar:/Users/wenliang_zeng/Desktop/Graduate_Students/Job/JAVA/Project/repository/org/slf4j/jul-to-slf4j/1.7.26/jul-to-slf4j-1.7.26.jar:/Users/wenliang_zeng/Desktop/Graduate_Students/Job/JAVA/Project/repository/javax/annotation/javax.annotation-api/1.3.2/javax.annotation-api-1.3.2.jar:/Users/wenliang_zeng/Desktop/Graduate_Students/Job/JAVA/Project/repository/org/yaml/snakeyaml/1.23/snakeyaml-1.23.jar:/Users/wenliang_zeng/Desktop/Graduate_Students/Job/JAVA/Project/repository/org/springframework/spring-context-support/5.1.7.RELEASE/spring-context-support-5.1.7.RELEASE.jar:/Users/wenliang_zeng/Desktop/Graduate_Students/Job/JAVA/Project/repository/org/springframework/spring-beans/5.1.7.RELEASE/spring-beans-5.1.7.RELEASE.jar:/Users/wenliang_zeng/Desktop/Graduate_Students/Job/JAVA/Project/repository/org/springframework/spring-tx/5.1.7.RELEASE/spring-tx-5.1.7.RELEASE.jar:/Users/wenliang_zeng/Desktop/Graduate_Students/Job/JAVA/Project/repository/org/quartz-scheduler/quartz/2.3.1/quartz-2.3.1.jar:/Users/wenliang_zeng/Desktop/Graduate_Students/Job/JAVA/Project/repository/com/mchange/mchange-commons-java/0.2.15/mchange-commons-java-0.2.15.jar:/Users/wenliang_zeng/Desktop/Graduate_Students/Job/JAVA/Project/repository/org/springframework/boot/spring-boot-starter-aop/2.1.5.RELEASE/spring-boot-starter-aop-2.1.5.RELEASE.jar:/Users/wenliang_zeng/Desktop/Graduate_Students/Job/JAVA/Project/repository/org/springframework/spring-aop/5.1.7.RELEASE/spring-aop-5.1.7.RELEASE.jar:/Users/wenliang_zeng/Desktop/Graduate_Students/Job/JAVA/Project/repository/org/aspectj/aspectjweaver/1.9.4/aspectjweaver-1.9.4.jar:/Users/wenliang_zeng/Desktop/Graduate_Students/Job/JAVA/Project/repository/org/springframework/boot/spring-boot-starter-thymeleaf/2.1.5.RELEASE/spring-boot-starter-thymeleaf-2.1.5.RELEASE.jar:/Users/wenliang_zeng/Desktop/Graduate_Students/Job/JAVA/Project/repository/org/thymeleaf/thymeleaf-spring5/3.0.11.RELEASE/thymeleaf-spring5-3.0.11.RELEASE.jar:/Users/wenliang_zeng/Desktop/Graduate_Students/Job/JAVA/Project/repository/org/thymeleaf/thymeleaf/3.0.11.RELEASE/thymeleaf-3.0.11.RELEASE.jar:/Users/wenliang_zeng/Desktop/Graduate_Students/Job/JAVA/Project/repository/org/attoparser/attoparser/2.0.5.RELEASE/attoparser-2.0.5.RELEASE.jar:/Users/wenliang_zeng/Desktop/Graduate_Students/Job/JAVA/Project/repository/org/unbescape/unbescape/1.1.6.RELEASE/unbescape-1.1.6.RELEASE.jar:/Users/wenliang_zeng/Desktop/Graduate_Students/Job/JAVA/Project/repository/org/thymeleaf/extras/thymeleaf-extras-java8time/3.0.4.RELEASE/thymeleaf-extras-java8time-3.0.4.RELEASE.jar:/Users/wenliang_zeng/Desktop/Graduate_Students/Job/JAVA/Project/repository/org/springframework/boot/spring-boot-starter-web/2.1.5.RELEASE/spring-boot-starter-web-2.1.5.RELEASE.jar:/Users/wenliang_zeng/Desktop/Graduate_Students/Job/JAVA/Project/repository/org/springframework/boot/spring-boot-starter-json/2.1.5.RELEASE/spring-boot-starter-json-2.1.5.RELEASE.jar:/Users/wenliang_zeng/Desktop/Graduate_Students/Job/JAVA/Project/repository/com/fasterxml/jackson/core/jackson-databind/2.9.8/jackson-databind-2.9.8.jar:/Users/wenliang_zeng/Desktop/Graduate_Students/Job/JAVA/Project/repository/com/fasterxml/jackson/core/jackson-annotations/2.9.0/jackson-annotations-2.9.0.jar:/Users/wenliang_zeng/Desktop/Graduate_Students/Job/JAVA/Project/repository/com/fasterxml/jackson/datatype/jackson-datatype-jdk8/2.9.8/jackson-datatype-jdk8-2.9.8.jar:/Users/wenliang_zeng/Desktop/Graduate_Students/Job/JAVA/Project/repository/com/fasterxml/jackson/datatype/jackson-datatype-jsr310/2.9.8/jackson-datatype-jsr310-2.9.8.jar:/Users/wenliang_zeng/Desktop/Graduate_Students/Job/JAVA/Project/repository/com/fasterxml/jackson/module/jackson-module-parameter-names/2.9.8/jackson-module-parameter-names-2.9.8.jar:/Users/wenliang_zeng/Desktop/Graduate_Students/Job/JAVA/Project/repository/org/springframework/boot/spring-boot-starter-tomcat/2.1.5.RELEASE/spring-boot-starter-tomcat-2.1.5.RELEASE.jar:/Users/wenliang_zeng/Desktop/Graduate_Students/Job/JAVA/Project/repository/org/apache/tomcat/embed/tomcat-embed-core/9.0.19/tomcat-embed-core-9.0.19.jar:/Users/wenliang_zeng/Desktop/Graduate_Students/Job/JAVA/Project/repository/org/apache/tomcat/embed/tomcat-embed-el/9.0.19/tomcat-embed-el-9.0.19.jar:/Users/wenliang_zeng/Desktop/Graduate_Students/Job/JAVA/Project/repository/org/apache/tomcat/embed/tomcat-embed-websocket/9.0.19/tomcat-embed-websocket-9.0.19.jar:/Users/wenliang_zeng/Desktop/Graduate_Students/Job/JAVA/Project/repository/org/hibernate/validator/hibernate-validator/6.0.16.Final/hibernate-validator-6.0.16.Final.jar:/Users/wenliang_zeng/Desktop/Graduate_Students/Job/JAVA/Project/repository/javax/validation/validation-api/2.0.1.Final/validation-api-2.0.1.Final.jar:/Users/wenliang_zeng/Desktop/Graduate_Students/Job/JAVA/Project/repository/org/jboss/logging/jboss-logging/3.3.2.Final/jboss-logging-3.3.2.Final.jar:/Users/wenliang_zeng/Desktop/Graduate_Students/Job/JAVA/Project/repository/com/fasterxml/classmate/1.4.0/classmate-1.4.0.jar:/Users/wenliang_zeng/Desktop/Graduate_Students/Job/JAVA/Project/repository/org/springframework/spring-web/5.1.7.RELEASE/spring-web-5.1.7.RELEASE.jar:/Users/wenliang_zeng/Desktop/Graduate_Students/Job/JAVA/Project/repository/org/springframework/spring-webmvc/5.1.7.RELEASE/spring-webmvc-5.1.7.RELEASE.jar:/Users/wenliang_zeng/Desktop/Graduate_Students/Job/JAVA/Project/repository/org/springframework/spring-expression/5.1.7.RELEASE/spring-expression-5.1.7.RELEASE.jar:/Users/wenliang_zeng/Desktop/Graduate_Students/Job/JAVA/Project/repository/org/springframework/boot/spring-boot-devtools/2.1.5.RELEASE/spring-boot-devtools-2.1.5.RELEASE.jar:/Users/wenliang_zeng/Desktop/Graduate_Students/Job/JAVA/Project/repository/org/springframework/boot/spring-boot/2.1.5.RELEASE/spring-boot-2.1.5.RELEASE.jar:/Users/wenliang_zeng/Desktop/Graduate_Students/Job/JAVA/Project/repository/org/springframework/boot/spring-boot-autoconfigure/2.1.5.RELEASE/spring-boot-autoconfigure-2.1.5.RELEASE.jar:/Users/wenliang_zeng/Desktop/Graduate_Students/Job/JAVA/Project/repository/org/springframework/boot/spring-boot-starter-test/2.1.5.RELEASE/spring-boot-starter-test-2.1.5.RELEASE.jar:/Users/wenliang_zeng/Desktop/Graduate_Students/Job/JAVA/Project/repository/org/springframework/boot/spring-boot-test/2.1.5.RELEASE/spring-boot-test-2.1.5.RELEASE.jar:/Users/wenliang_zeng/Desktop/Graduate_Students/Job/JAVA/Project/repository/org/springframework/boot/spring-boot-test-autoconfigure/2.1.5.RELEASE/spring-boot-test-autoconfigure-2.1.5.RELEASE.jar:/Users/wenliang_zeng/Desktop/Graduate_Students/Job/JAVA/Project/repository/com/jayway/jsonpath/json-path/2.4.0/json-path-2.4.0.jar:/Users/wenliang_zeng/Desktop/Graduate_Students/Job/JAVA/Project/repository/net/minidev/json-smart/2.3/json-smart-2.3.jar:/Users/wenliang_zeng/Desktop/Graduate_Students/Job/JAVA/Project/repository/net/minidev/accessors-smart/1.2/accessors-smart-1.2.jar:/Users/wenliang_zeng/Desktop/Graduate_Students/Job/JAVA/Project/repository/org/ow2/asm/asm/5.0.4/asm-5.0.4.jar:/Users/wenliang_zeng/Desktop/Graduate_Students/Job/JAVA/Project/repository/junit/junit/4.12/junit-4.12.jar:/Users/wenliang_zeng/Desktop/Graduate_Students/Job/JAVA/Project/repository/org/assertj/assertj-core/3.11.1/assertj-core-3.11.1.jar:/Users/wenliang_zeng/Desktop/Graduate_Students/Job/JAVA/Project/repository/org/mockito/mockito-core/2.23.4/mockito-core-2.23.4.jar:/Users/wenliang_zeng/Desktop/Graduate_Students/Job/JAVA/Project/repository/net/bytebuddy/byte-buddy/1.9.12/byte-buddy-1.9.12.jar:/Users/wenliang_zeng/Desktop/Graduate_Students/Job/JAVA/Project/repository/net/bytebuddy/byte-buddy-agent/1.9.12/byte-buddy-agent-1.9.12.jar:/Users/wenliang_zeng/Desktop/Graduate_Students/Job/JAVA/Project/repository/org/objenesis/objenesis/2.6/objenesis-2.6.jar:/Users/wenliang_zeng/Desktop/Graduate_Students/Job/JAVA/Project/repository/org/hamcrest/hamcrest-core/1.3/hamcrest-core-1.3.jar:/Users/wenliang_zeng/Desktop/Graduate_Students/Job/JAVA/Project/repository/org/hamcrest/hamcrest-library/1.3/hamcrest-library-1.3.jar:/Users/wenliang_zeng/Desktop/Graduate_Students/Job/JAVA/Project/repository/org/skyscreamer/jsonassert/1.5.0/jsonassert-1.5.0.jar:/Users/wenliang_zeng/Desktop/Graduate_Students/Job/JAVA/Project/repository/com/vaadin/external/google/android-json/0.0.20131108.vaadin1/android-json-0.0.20131108.vaadin1.jar:/Users/wenliang_zeng/Desktop/Graduate_Students/Job/JAVA/Project/repository/org/springframework/spring-core/5.1.7.RELEASE/spring-core-5.1.7.RELEASE.jar:/Users/wenliang_zeng/Desktop/Graduate_Students/Job/JAVA/Project/repository/org/springframework/spring-jcl/5.1.7.RELEASE/spring-jcl-5.1.7.RELEASE.jar:/Users/wenliang_zeng/Desktop/Graduate_Students/Job/JAVA/Project/repository/org/springframework/spring-test/5.1.7.RELEASE/spring-test-5.1.7.RELEASE.jar:/Users/wenliang_zeng/Desktop/Graduate_Students/Job/JAVA/Project/repository/org/xmlunit/xmlunit-core/2.6.2/xmlunit-core-2.6.2.jar:/Users/wenliang_zeng/Desktop/Graduate_Students/Job/JAVA/Project/repository/mysql/mysql-connector-java/8.0.16/mysql-connector-java-8.0.16.jar:/Users/wenliang_zeng/Desktop/Graduate_Students/Job/JAVA/Project/repository/org/mybatis/spring/boot/mybatis-spring-boot-starter/2.0.1/mybatis-spring-boot-starter-2.0.1.jar:/Users/wenliang_zeng/Desktop/Graduate_Students/Job/JAVA/Project/repository/org/springframework/boot/spring-boot-starter-jdbc/2.1.5.RELEASE/spring-boot-starter-jdbc-2.1.5.RELEASE.jar:/Users/wenliang_zeng/Desktop/Graduate_Students/Job/JAVA/Project/repository/com/zaxxer/HikariCP/3.2.0/HikariCP-3.2.0.jar:/Users/wenliang_zeng/Desktop/Graduate_Students/Job/JAVA/Project/repository/org/springframework/spring-jdbc/5.1.7.RELEASE/spring-jdbc-5.1.7.RELEASE.jar:/Users/wenliang_zeng/Desktop/Graduate_Students/Job/JAVA/Project/repository/org/mybatis/spring/boot/mybatis-spring-boot-autoconfigure/2.0.1/mybatis-spring-boot-autoconfigure-2.0.1.jar:/Users/wenliang_zeng/Desktop/Graduate_Students/Job/JAVA/Project/repository/org/mybatis/mybatis/3.5.1/mybatis-3.5.1.jar:/Users/wenliang_zeng/Desktop/Graduate_Students/Job/JAVA/Project/repository/org/mybatis/mybatis-spring/2.0.1/mybatis-spring-2.0.1.jar:/Users/wenliang_zeng/Desktop/Graduate_Students/Job/JAVA/Project/repository/org/springframework/boot/spring-boot-starter-mail/2.2.6.RELEASE/spring-boot-starter-mail-2.2.6.RELEASE.jar:/Users/wenliang_zeng/Desktop/Graduate_Students/Job/JAVA/Project/repository/com/sun/mail/jakarta.mail/1.6.5/jakarta.mail-1.6.5.jar:/Users/wenliang_zeng/Desktop/Graduate_Students/Job/JAVA/Project/repository/com/sun/activation/jakarta.activation/1.2.1/jakarta.activation-1.2.1.jar:/Users/wenliang_zeng/Desktop/Graduate_Students/Job/JAVA/Project/repository/org/apache/commons/commons-lang3/3.12.0/commons-lang3-3.12.0.jar:/Users/wenliang_zeng/Desktop/Graduate_Students/Job/JAVA/Project/repository/com/github/penggle/kaptcha/2.3.2/kaptcha-2.3.2.jar:/Users/wenliang_zeng/Desktop/Graduate_Students/Job/JAVA/Project/repository/javax/servlet/javax.servlet-api/4.0.1/javax.servlet-api-4.0.1.jar:/Users/wenliang_zeng/Desktop/Graduate_Students/Job/JAVA/Project/repository/com/jhlabs/filters/2.0.235-1/filters-2.0.235-1.jar:/Users/wenliang_zeng/Desktop/Graduate_Students/Job/JAVA/Project/repository/com/alibaba/fastjson/2.0.35/fastjson-2.0.35.jar:/Users/wenliang_zeng/Desktop/Graduate_Students/Job/JAVA/Project/repository/com/alibaba/fastjson2/fastjson2-extension/2.0.35/fastjson2-extension-2.0.35.jar:/Users/wenliang_zeng/Desktop/Graduate_Students/Job/JAVA/Project/repository/com/alibaba/fastjson2/fastjson2/2.0.35/fastjson2-2.0.35.jar:/Users/wenliang_zeng/Desktop/Graduate_Students/Job/JAVA/Project/repository/org/springframework/boot/spring-boot-starter-data-redis/3.1.1/spring-boot-starter-data-redis-3.1.1.jar:/Users/wenliang_zeng/Desktop/Graduate_Students/Job/JAVA/Project/repository/org/springframework/data/spring-data-redis/2.1.8.RELEASE/spring-data-redis-2.1.8.RELEASE.jar:/Users/wenliang_zeng/Desktop/Graduate_Students/Job/JAVA/Project/repository/org/springframework/data/spring-data-keyvalue/2.1.8.RELEASE/spring-data-keyvalue-2.1.8.RELEASE.jar:/Users/wenliang_zeng/Desktop/Graduate_Students/Job/JAVA/Project/repository/org/springframework/spring-oxm/5.1.7.RELEASE/spring-oxm-5.1.7.RELEASE.jar:/Users/wenliang_zeng/Desktop/Graduate_Students/Job/JAVA/Project/repository/io/lettuce/lettuce-core/5.1.6.RELEASE/lettuce-core-5.1.6.RELEASE.jar:/Users/wenliang_zeng/Desktop/Graduate_Students/Job/JAVA/Project/repository/io/netty/netty-common/4.1.36.Final/netty-common-4.1.36.Final.jar:/Users/wenliang_zeng/Desktop/Graduate_Students/Job/JAVA/Project/repository/io/netty/netty-handler/4.1.36.Final/netty-handler-4.1.36.Final.jar:/Users/wenliang_zeng/Desktop/Graduate_Students/Job/JAVA/Project/repository/io/netty/netty-buffer/4.1.36.Final/netty-buffer-4.1.36.Final.jar:/Users/wenliang_zeng/Desktop/Graduate_Students/Job/JAVA/Project/repository/io/netty/netty-codec/4.1.36.Final/netty-codec-4.1.36.Final.jar:/Users/wenliang_zeng/Desktop/Graduate_Students/Job/JAVA/Project/repository/io/netty/netty-transport/4.1.36.Final/netty-transport-4.1.36.Final.jar:/Users/wenliang_zeng/Desktop/Graduate_Students/Job/JAVA/Project/repository/io/netty/netty-resolver/4.1.36.Final/netty-resolver-4.1.36.Final.jar:/Users/wenliang_zeng/Desktop/Graduate_Students/Job/JAVA/Project/repository/io/projectreactor/reactor-core/3.2.9.RELEASE/reactor-core-3.2.9.RELEASE.jar:/Users/wenliang_zeng/Desktop/Graduate_Students/Job/JAVA/Project/repository/org/reactivestreams/reactive-streams/1.0.2/reactive-streams-1.0.2.jar:/Users/wenliang_zeng/Desktop/Graduate_Students/Job/JAVA/Project/repository/org/springframework/kafka/spring-kafka/2.2.6.RELEASE/spring-kafka-2.2.6.RELEASE.jar:/Users/wenliang_zeng/Desktop/Graduate_Students/Job/JAVA/Project/repository/org/springframework/spring-context/5.1.7.RELEASE/spring-context-5.1.7.RELEASE.jar:/Users/wenliang_zeng/Desktop/Graduate_Students/Job/JAVA/Project/repository/org/springframework/spring-messaging/5.1.7.RELEASE/spring-messaging-5.1.7.RELEASE.jar:/Users/wenliang_zeng/Desktop/Graduate_Students/Job/JAVA/Project/repository/org/springframework/retry/spring-retry/1.2.4.RELEASE/spring-retry-1.2.4.RELEASE.jar:/Users/wenliang_zeng/Desktop/Graduate_Students/Job/JAVA/Project/repository/org/apache/kafka/kafka-clients/2.0.1/kafka-clients-2.0.1.jar:/Users/wenliang_zeng/Desktop/Graduate_Students/Job/JAVA/Project/repository/org/lz4/lz4-java/1.4.1/lz4-java-1.4.1.jar:/Users/wenliang_zeng/Desktop/Graduate_Students/Job/JAVA/Project/repository/org/xerial/snappy/snappy-java/1.1.7.1/snappy-java-1.1.7.1.jar:/Users/wenliang_zeng/Desktop/Graduate_Students/Job/JAVA/Project/repository/org/springframework/boot/spring-boot-starter-data-elasticsearch/2.1.5.RELEASE/spring-boot-starter-data-elasticsearch-2.1.5.RELEASE.jar:/Users/wenliang_zeng/Desktop/Graduate_Students/Job/JAVA/Project/repository/org/springframework/data/spring-data-elasticsearch/3.1.8.RELEASE/spring-data-elasticsearch-3.1.8.RELEASE.jar:/Users/wenliang_zeng/Desktop/Graduate_Students/Job/JAVA/Project/repository/org/springframework/data/spring-data-commons/2.1.8.RELEASE/spring-data-commons-2.1.8.RELEASE.jar:/Users/wenliang_zeng/Desktop/Graduate_Students/Job/JAVA/Project/repository/joda-time/joda-time/2.10.2/joda-time-2.10.2.jar:/Users/wenliang_zeng/Desktop/Graduate_Students/Job/JAVA/Project/repository/org/elasticsearch/client/transport/6.4.3/transport-6.4.3.jar:/Users/wenliang_zeng/Desktop/Graduate_Students/Job/JAVA/Project/repository/org/elasticsearch/elasticsearch/6.4.3/elasticsearch-6.4.3.jar:/Users/wenliang_zeng/Desktop/Graduate_Students/Job/JAVA/Project/repository/org/elasticsearch/elasticsearch-core/6.4.3/elasticsearch-core-6.4.3.jar:/Users/wenliang_zeng/Desktop/Graduate_Students/Job/JAVA/Project/repository/org/elasticsearch/elasticsearch-secure-sm/6.4.3/elasticsearch-secure-sm-6.4.3.jar:/Users/wenliang_zeng/Desktop/Graduate_Students/Job/JAVA/Project/repository/org/elasticsearch/elasticsearch-x-content/6.4.3/elasticsearch-x-content-6.4.3.jar:/Users/wenliang_zeng/Desktop/Graduate_Students/Job/JAVA/Project/repository/com/fasterxml/jackson/dataformat/jackson-dataformat-smile/2.9.8/jackson-dataformat-smile-2.9.8.jar:/Users/wenliang_zeng/Desktop/Graduate_Students/Job/JAVA/Project/repository/com/fasterxml/jackson/dataformat/jackson-dataformat-yaml/2.9.8/jackson-dataformat-yaml-2.9.8.jar:/Users/wenliang_zeng/Desktop/Graduate_Students/Job/JAVA/Project/repository/com/fasterxml/jackson/dataformat/jackson-dataformat-cbor/2.9.8/jackson-dataformat-cbor-2.9.8.jar:/Users/wenliang_zeng/Desktop/Graduate_Students/Job/JAVA/Project/repository/org/apache/lucene/lucene-core/7.4.0/lucene-core-7.4.0.jar:/Users/wenliang_zeng/Desktop/Graduate_Students/Job/JAVA/Project/repository/org/apache/lucene/lucene-analyzers-common/7.4.0/lucene-analyzers-common-7.4.0.jar:/Users/wenliang_zeng/Desktop/Graduate_Students/Job/JAVA/Project/repository/org/apache/lucene/lucene-backward-codecs/7.4.0/lucene-backward-codecs-7.4.0.jar:/Users/wenliang_zeng/Desktop/Graduate_Students/Job/JAVA/Project/repository/org/apache/lucene/lucene-grouping/7.4.0/lucene-grouping-7.4.0.jar:/Users/wenliang_zeng/Desktop/Graduate_Students/Job/JAVA/Project/repository/org/apache/lucene/lucene-highlighter/7.4.0/lucene-highlighter-7.4.0.jar:/Users/wenliang_zeng/Desktop/Graduate_Students/Job/JAVA/Project/repository/org/apache/lucene/lucene-join/7.4.0/lucene-join-7.4.0.jar:/Users/wenliang_zeng/Desktop/Graduate_Students/Job/JAVA/Project/repository/org/apache/lucene/lucene-memory/7.4.0/lucene-memory-7.4.0.jar:/Users/wenliang_zeng/Desktop/Graduate_Students/Job/JAVA/Project/repository/org/apache/lucene/lucene-misc/7.4.0/lucene-misc-7.4.0.jar:/Users/wenliang_zeng/Desktop/Graduate_Students/Job/JAVA/Project/repository/org/apache/lucene/lucene-queries/7.4.0/lucene-queries-7.4.0.jar:/Users/wenliang_zeng/Desktop/Graduate_Students/Job/JAVA/Project/repository/org/apache/lucene/lucene-queryparser/7.4.0/lucene-queryparser-7.4.0.jar:/Users/wenliang_zeng/Desktop/Graduate_Students/Job/JAVA/Project/repository/org/apache/lucene/lucene-sandbox/7.4.0/lucene-sandbox-7.4.0.jar:/Users/wenliang_zeng/Desktop/Graduate_Students/Job/JAVA/Project/repository/org/apache/lucene/lucene-spatial/7.4.0/lucene-spatial-7.4.0.jar:/Users/wenliang_zeng/Desktop/Graduate_Students/Job/JAVA/Project/repository/org/apache/lucene/lucene-spatial-extras/7.4.0/lucene-spatial-extras-7.4.0.jar:/Users/wenliang_zeng/Desktop/Graduate_Students/Job/JAVA/Project/repository/org/apache/lucene/lucene-spatial3d/7.4.0/lucene-spatial3d-7.4.0.jar:/Users/wenliang_zeng/Desktop/Graduate_Students/Job/JAVA/Project/repository/org/apache/lucene/lucene-suggest/7.4.0/lucene-suggest-7.4.0.jar:/Users/wenliang_zeng/Desktop/Graduate_Students/Job/JAVA/Project/repository/org/elasticsearch/elasticsearch-cli/6.4.3/elasticsearch-cli-6.4.3.jar:/Users/wenliang_zeng/Desktop/Graduate_Students/Job/JAVA/Project/repository/net/sf/jopt-simple/jopt-simple/5.0.2/jopt-simple-5.0.2.jar:/Users/wenliang_zeng/Desktop/Graduate_Students/Job/JAVA/Project/repository/com/carrotsearch/hppc/0.7.1/hppc-0.7.1.jar:/Users/wenliang_zeng/Desktop/Graduate_Students/Job/JAVA/Project/repository/com/tdunning/t-digest/3.2/t-digest-3.2.jar:/Users/wenliang_zeng/Desktop/Graduate_Students/Job/JAVA/Project/repository/org/hdrhistogram/HdrHistogram/2.1.9/HdrHistogram-2.1.9.jar:/Users/wenliang_zeng/Desktop/Graduate_Students/Job/JAVA/Project/repository/org/elasticsearch/jna/4.5.1/jna-4.5.1.jar:/Users/wenliang_zeng/Desktop/Graduate_Students/Job/JAVA/Project/repository/org/elasticsearch/plugin/reindex-client/6.4.3/reindex-client-6.4.3.jar:/Users/wenliang_zeng/Desktop/Graduate_Students/Job/JAVA/Project/repository/org/elasticsearch/client/elasticsearch-rest-client/6.4.3/elasticsearch-rest-client-6.4.3.jar:/Users/wenliang_zeng/Desktop/Graduate_Students/Job/JAVA/Project/repository/org/apache/httpcomponents/httpclient/4.5.8/httpclient-4.5.8.jar:/Users/wenliang_zeng/Desktop/Graduate_Students/Job/JAVA/Project/repository/org/apache/httpcomponents/httpcore/4.4.11/httpcore-4.4.11.jar:/Users/wenliang_zeng/Desktop/Graduate_Students/Job/JAVA/Project/repository/org/apache/httpcomponents/httpasyncclient/4.1.4/httpasyncclient-4.1.4.jar:/Users/wenliang_zeng/Desktop/Graduate_Students/Job/JAVA/Project/repository/org/apache/httpcomponents/httpcore-nio/4.4.11/httpcore-nio-4.4.11.jar:/Users/wenliang_zeng/Desktop/Graduate_Students/Job/JAVA/Project/repository/commons-codec/commons-codec/1.11/commons-codec-1.11.jar:/Users/wenliang_zeng/Desktop/Graduate_Students/Job/JAVA/Project/repository/org/elasticsearch/plugin/lang-mustache-client/6.4.3/lang-mustache-client-6.4.3.jar:/Users/wenliang_zeng/Desktop/Graduate_Students/Job/JAVA/Project/repository/com/github/spullara/mustache/java/compiler/0.9.3/compiler-0.9.3.jar:/Users/wenliang_zeng/Desktop/Graduate_Students/Job/JAVA/Project/repository/org/elasticsearch/plugin/percolator-client/6.4.3/percolator-client-6.4.3.jar:/Users/wenliang_zeng/Desktop/Graduate_Students/Job/JAVA/Project/repository/org/elasticsearch/plugin/parent-join-client/6.4.3/parent-join-client-6.4.3.jar:/Users/wenliang_zeng/Desktop/Graduate_Students/Job/JAVA/Project/repository/org/elasticsearch/plugin/rank-eval-client/6.4.3/rank-eval-client-6.4.3.jar:/Users/wenliang_zeng/Desktop/Graduate_Students/Job/JAVA/Project/repository/com/fasterxml/jackson/core/jackson-core/2.9.8/jackson-core-2.9.8.jar:/Users/wenliang_zeng/Desktop/Graduate_Students/Job/JAVA/Project/repository/org/elasticsearch/plugin/transport-netty4-client/6.4.3/transport-netty4-client-6.4.3.jar:/Users/wenliang_zeng/Desktop/Graduate_Students/Job/JAVA/Project/repository/io/netty/netty-codec-http/4.1.36.Final/netty-codec-http-4.1.36.Final.jar:/Users/wenliang_zeng/Desktop/Graduate_Students/Job/JAVA/Project/repository/org/springframework/boot/spring-boot-starter-security/2.1.5.RELEASE/spring-boot-starter-security-2.1.5.RELEASE.jar:/Users/wenliang_zeng/Desktop/Graduate_Students/Job/JAVA/Project/repository/org/springframework/security/spring-security-config/5.1.5.RELEASE/spring-security-config-5.1.5.RELEASE.jar:/Users/wenliang_zeng/Desktop/Graduate_Students/Job/JAVA/Project/repository/org/springframework/security/spring-security-core/5.1.5.RELEASE/spring-security-core-5.1.5.RELEASE.jar:/Users/wenliang_zeng/Desktop/Graduate_Students/Job/JAVA/Project/repository/org/springframework/security/spring-security-web/5.1.5.RELEASE/spring-security-web-5.1.5.RELEASE.jar:/Users/wenliang_zeng/Desktop/Graduate_Students/Job/JAVA/Project/repository/org/thymeleaf/extras/thymeleaf-extras-springsecurity5/3.0.4.RELEASE/thymeleaf-extras-springsecurity5-3.0.4.RELEASE.jar:/Users/wenliang_zeng/Desktop/Graduate_Students/Job/JAVA/Project/repository/org/slf4j/slf4j-api/1.7.26/slf4j-api-1.7.26.jar:/Users/wenliang_zeng/Desktop/Graduate_Students/Job/JAVA/Project/repository/org/webjars/jquery/3.3.1/jquery-3.3.1.jar:"/>
    <property name="sun.cpu.endian" value="little"/>
    <property name="user.home" value="/Users/wenliang_zeng"/>
    <property name="user.language" value="zh"/>
    <property name="java.specification.vendor" value="Oracle Corporation"/>
    <property name="java.home" value="/Library/Java/JavaVirtualMachines/jdk-1.8.jdk/Contents/Home/jre"/>
    <property name="basedir" value="/Users/wenliang_zeng/Desktop/Graduate_Students/Job/JAVA/Project/community"/>
    <property name="file.separator" value="/"/>
    <property name="line.separator" value="&#10;"/>
    <property name="java.vm.specification.vendor" value="Oracle Corporation"/>
    <property name="java.specification.name" value="Java Platform API Specification"/>
    <property name="java.awt.graphicsenv" value="sun.awt.CGraphicsEnvironment"/>
    <property name="surefire.real.class.path" value="/Users/wenliang_zeng/Desktop/Graduate_Students/Job/JAVA/Project/community/target/surefire/surefirebooter4384111246347809391.jar"/>
    <property name="sun.boot.class.path" value="/Library/Java/JavaVirtualMachines/jdk-1.8.jdk/Contents/Home/jre/lib/resources.jar:/Library/Java/JavaVirtualMachines/jdk-1.8.jdk/Contents/Home/jre/lib/rt.jar:/Library/Java/JavaVirtualMachines/jdk-1.8.jdk/Contents/Home/jre/lib/jsse.jar:/Library/Java/JavaVirtualMachines/jdk-1.8.jdk/Contents/Home/jre/lib/jce.jar:/Library/Java/JavaVirtualMachines/jdk-1.8.jdk/Contents/Home/jre/lib/charsets.jar:/Library/Java/JavaVirtualMachines/jdk-1.8.jdk/Contents/Home/jre/lib/jfr.jar:/Library/Java/JavaVirtualMachines/jdk-1.8.jdk/Contents/Home/jre/classes"/>
    <property name="sun.management.compiler" value="HotSpot 64-Bit Tiered Compilers"/>
    <property name="java.runtime.version" value="1.8.0_371-b11"/>
    <property name="user.name" value="wenliang_zeng"/>
    <property name="path.separator" value=":"/>
    <property name="os.version" value="13.5"/>
    <property name="java.endorsed.dirs" value="/Library/Java/JavaVirtualMachines/jdk-1.8.jdk/Contents/Home/jre/lib/endorsed"/>
    <property name="java.runtime.name" value="Java(TM) SE Runtime Environment"/>
    <property name="file.encoding" value="UTF-8"/>
    <property name="java.vm.name" value="Java HotSpot(TM) 64-Bit Server VM"/>
    <property name="localRepository" value="/Users/wenliang_zeng/Desktop/Graduate_Students/Job/JAVA/Project/repository"/>
    <property name="java.vendor.url.bug" value="http://bugreport.sun.com/bugreport/"/>
    <property name="java.io.tmpdir" value="/var/folders/1v/8sfc4rjx1834mzlqzxqr8lr40000gn/T/"/>
    <property name="idea.version" value="2023.1.2"/>
    <property name="java.version" value="1.8.0_371"/>
    <property name="user.dir" value="/Users/wenliang_zeng/Desktop/Graduate_Students/Job/JAVA/Project/community"/>
    <property name="os.arch" value="x86_64"/>
    <property name="java.vm.specification.name" value="Java Virtual Machine Specification"/>
    <property name="java.awt.printerjob" value="sun.lwawt.macosx.CPrinterJob"/>
    <property name="sun.os.patch.level" value="unknown"/>
    <property name="java.library.path" value="/Users/wenliang_zeng/Library/Java/Extensions:/Library/Java/Extensions:/Network/Library/Java/Extensions:/System/Library/Java/Extensions:/usr/lib/java:."/>
    <property name="java.vm.info" value="mixed mode"/>
    <property name="java.vendor" value="Oracle Corporation"/>
    <property name="java.vm.version" value="25.371-b11"/>
    <property name="java.specification.maintenance.version" value="4"/>
    <property name="java.ext.dirs" value="/Users/wenliang_zeng/Library/Java/Extensions:/Library/Java/JavaVirtualMachines/jdk-1.8.jdk/Contents/Home/jre/lib/ext:/Library/Java/Extensions:/Network/Library/Java/Extensions:/System/Library/Java/Extensions:/usr/lib/java"/>
    <property name="sun.io.unicode.encoding" value="UnicodeBig"/>
    <property name="maven.repo.local" value="/Users/wenliang_zeng/Desktop/Graduate_Students/Job/JAVA/Project/repository"/>
    <property name="java.class.version" value="52.0"/>
  </properties>
  <testcase name="testSearchByTemplate" classname="com.nowcoder.community.ElasticsearchTest" time="0.192">
    <error type="java.lang.NullPointerException">java.lang.NullPointerException
	at com.nowcoder.community.ElasticsearchTest.testSearchByTemplate(ElasticsearchTest.java:171)
</error>
    <system-out><![CDATA[2023-08-27 10:44:16,287 INFO [main] o.s.t.c.s.AbstractContextLoader [AbstractContextLoader.java:264] Could not detect default resource locations for test class [com.nowcoder.community.ElasticsearchTest]: no resource found for suffixes {-context.xml, Context.groovy}.
2023-08-27 10:44:16,298 INFO [main] o.s.b.t.c.SpringBootTestContextBootstrapper [AbstractTestContextBootstrapper.java:248] Loaded default TestExecutionListener class names from location [META-INF/spring.factories]: [org.springframework.boot.test.mock.mockito.MockitoTestExecutionListener, org.springframework.boot.test.mock.mockito.ResetMocksTestExecutionListener, org.springframework.boot.test.autoconfigure.restdocs.RestDocsTestExecutionListener, org.springframework.boot.test.autoconfigure.web.client.MockRestServiceServerResetTestExecutionListener, org.springframework.boot.test.autoconfigure.web.servlet.MockMvcPrintOnlyOnFailureTestExecutionListener, org.springframework.boot.test.autoconfigure.web.servlet.WebDriverTestExecutionListener, org.springframework.test.context.web.ServletTestExecutionListener, org.springframework.test.context.support.DirtiesContextBeforeModesTestExecutionListener, org.springframework.test.context.support.DependencyInjectionTestExecutionListener, org.springframework.test.context.support.DirtiesContextTestExecutionListener, org.springframework.test.context.transaction.TransactionalTestExecutionListener, org.springframework.test.context.jdbc.SqlScriptsTestExecutionListener]
2023-08-27 10:44:16,299 INFO [main] o.s.b.t.c.SpringBootTestContextBootstrapper [AbstractTestContextBootstrapper.java:177] Using TestExecutionListeners: [org.springframework.test.context.web.ServletTestExecutionListener@5cef5fc9, org.springframework.test.context.support.DirtiesContextBeforeModesTestExecutionListener@b867869, org.springframework.boot.test.mock.mockito.MockitoTestExecutionListener@7b6b8cea, org.springframework.boot.test.autoconfigure.SpringBootDependencyInjectionTestExecutionListener@73158d35, org.springframework.test.context.support.DirtiesContextTestExecutionListener@55a29589, org.springframework.test.context.transaction.TransactionalTestExecutionListener@6d5fea64, org.springframework.test.context.jdbc.SqlScriptsTestExecutionListener@4a7427f9, org.springframework.boot.test.mock.mockito.ResetMocksTestExecutionListener@155767a7, org.springframework.boot.test.autoconfigure.restdocs.RestDocsTestExecutionListener@5418a659, org.springframework.boot.test.autoconfigure.web.client.MockRestServiceServerResetTestExecutionListener@46067a74, org.springframework.boot.test.autoconfigure.web.servlet.MockMvcPrintOnlyOnFailureTestExecutionListener@2d26c6a2, org.springframework.boot.test.autoconfigure.web.servlet.WebDriverTestExecutionListener@362e6fe]
]]></system-out>
  </testcase>
  <testcase name="testSearchByRepository" classname="com.nowcoder.community.ElasticsearchTest" time="0.074"/>
  <testcase name="testInsertList" classname="com.nowcoder.community.ElasticsearchTest" time="2.117"/>
  <testcase name="testDelete" classname="com.nowcoder.community.ElasticsearchTest" time="0.348"/>
  <testcase name="testInsert" classname="com.nowcoder.community.ElasticsearchTest" time="0.228"/>
  <testcase name="testUpdate" classname="com.nowcoder.community.ElasticsearchTest" time="0.042"/>
</testsuite>